<?xml version="1.0" encoding="UTF-8"?>
<!-- Generated by org.testng.reporters.JUnitReportReporter -->
<testsuite hostname="gloriadeMacBook-Air.local" name="com.demo.LoginTest" tests="1" failures="0" timestamp="22 Jan 2019 09:05:30 GMT" time="11.280" errors="0">
  <testcase name="LoginPassUsingFlow" time="11.280" classname="com.demo.LoginTest"/>
</testsuite> <!-- com.demo.LoginTest -->
